<?xml version="1.0" encoding="UTF-8"?>
<!-- Generated by org.testng.reporters.JUnitReportReporter -->
<testsuite hostname="Anil" name="tests.TestTwo" tests="1" failures="0" timestamp="19 Jul 2020 07:51:29 GMT" time="7.349" errors="0">
  <testcase name="TCOne" time="7.349" classname="tests.TestTwo"/>
</testsuite> <!-- tests.TestTwo -->
