<?xml version="1.0" encoding="UTF-8"?>
<!-- Generated by org.testng.reporters.JUnitReportReporter -->
<testsuite hostname="Anil" name="tests.TestOne" tests="2" failures="0" timestamp="17 Oct 2020 15:30:56 GMT" time="21.629" errors="0">
  <testcase name="TCOne" time="17.165" classname="tests.TestOne"/>
  <testcase name="TCTwo" time="4.464" classname="tests.TestOne"/>
</testsuite> <!-- tests.TestOne -->
