<?xml version="1.0" encoding="UTF-8"?>
<!-- Generated by org.testng.reporters.JUnitReportReporter -->
<testsuite hostname="Anil" name="tests.TestOne" tests="2" failures="0" timestamp="23 Dec 2020 10:14:32 GMT" time="38.207" errors="0">
  <testcase name="TCTwo" time="5.188" classname="tests.TestOne"/>
  <testcase name="TCOne" time="33.019" classname="tests.TestOne"/>
</testsuite> <!-- tests.TestOne -->
