<?xml version="1.0" encoding="UTF-8"?>
<!-- Generated by org.testng.reporters.JUnitReportReporter -->
<testsuite hostname="Anil" name="tests.TEst" tests="1" failures="0" timestamp="3 Jul 2021 06:04:00 GMT" time="0.015" errors="0">
  <testcase name="ss" time="0.015" classname="tests.TEst"/>
</testsuite> <!-- tests.TEst -->
