<?xml version="1.0" encoding="UTF-8"?>
<!-- Generated by org.testng.reporters.JUnitReportReporter -->
<testsuite hostname="Anil" name="tests.FlipkartTest" tests="1" failures="0" timestamp="17 Oct 2020 14:26:08 GMT" time="0.125" errors="0">
  <testcase name="test" time="0.125" classname="tests.FlipkartTest"/>
</testsuite> <!-- tests.FlipkartTest -->
